2025-11-05 01:41:36,979 INFO Included extra file "/etc/supervisor/conf.d/nginx.conf" during parsing
2025-11-05 01:41:36,979 INFO Included extra file "/etc/supervisor/conf.d/php-fpm.conf" during parsing
2025-11-05 01:41:36,991 INFO RPC interface 'supervisor' initialized
2025-11-05 01:41:36,991 CRIT Server 'unix_http_server' running without any HTTP authentication checking
2025-11-05 01:41:36,992 INFO supervisord started with pid 1
2025-11-05 01:41:37,995 INFO spawned: 'nginx' with pid 7
2025-11-05 01:41:37,996 INFO spawned: 'php-fpm' with pid 8
2025-11-05 01:41:39,070 INFO success: nginx entered RUNNING state, process has stayed up for > than 1 seconds (startsecs)
2025-11-05 01:41:39,071 INFO success: php-fpm entered RUNNING state, process has stayed up for > than 1 seconds (startsecs)
2025-11-05 01:48:22,468 WARN received SIGQUIT indicating exit request
2025-11-05 01:48:22,468 INFO waiting for nginx, php-fpm to die
2025-11-05 01:48:22,481 INFO stopped: php-fpm (exit status 0)
2025-11-05 01:48:22,574 INFO stopped: nginx (exit status 0)
2025-11-05 01:48:23,343 INFO Included extra file "/etc/supervisor/conf.d/nginx.conf" during parsing
2025-11-05 01:48:23,343 INFO Included extra file "/etc/supervisor/conf.d/php-fpm.conf" during parsing
2025-11-05 01:48:23,349 INFO RPC interface 'supervisor' initialized
2025-11-05 01:48:23,349 CRIT Server 'unix_http_server' running without any HTTP authentication checking
2025-11-05 01:48:23,350 INFO supervisord started with pid 1
2025-11-05 01:48:24,353 INFO spawned: 'nginx' with pid 7
2025-11-05 01:48:24,357 INFO spawned: 'php-fpm' with pid 8
2025-11-05 01:48:25,421 INFO success: nginx entered RUNNING state, process has stayed up for > than 1 seconds (startsecs)
2025-11-05 01:48:25,421 INFO success: php-fpm entered RUNNING state, process has stayed up for > than 1 seconds (startsecs)
2025-11-05 01:50:07,526 WARN received SIGQUIT indicating exit request
2025-11-05 01:50:07,533 INFO waiting for nginx, php-fpm to die
2025-11-05 01:50:07,561 INFO stopped: php-fpm (exit status 0)
2025-11-05 01:50:07,632 INFO stopped: nginx (exit status 0)
2025-11-05 01:50:08,729 INFO Included extra file "/etc/supervisor/conf.d/nginx.conf" during parsing
2025-11-05 01:50:08,729 INFO Included extra file "/etc/supervisor/conf.d/php-fpm.conf" during parsing
2025-11-05 01:50:08,742 INFO RPC interface 'supervisor' initialized
2025-11-05 01:50:08,743 CRIT Server 'unix_http_server' running without any HTTP authentication checking
2025-11-05 01:50:08,743 INFO supervisord started with pid 1
2025-11-05 01:50:09,746 INFO spawned: 'nginx' with pid 7
2025-11-05 01:50:09,748 INFO spawned: 'php-fpm' with pid 8
2025-11-05 01:50:10,817 INFO success: nginx entered RUNNING state, process has stayed up for > than 1 seconds (startsecs)
2025-11-05 01:50:10,818 INFO success: php-fpm entered RUNNING state, process has stayed up for > than 1 seconds (startsecs)
2025-11-05 01:53:48,034 WARN received SIGQUIT indicating exit request
2025-11-05 01:53:48,040 INFO waiting for nginx, php-fpm to die
2025-11-05 01:53:48,049 INFO stopped: php-fpm (exit status 0)
2025-11-05 01:53:48,132 INFO stopped: nginx (exit status 0)
2025-11-05 01:53:48,919 INFO Included extra file "/etc/supervisor/conf.d/nginx.conf" during parsing
2025-11-05 01:53:48,919 INFO Included extra file "/etc/supervisor/conf.d/php-fpm.conf" during parsing
2025-11-05 01:53:48,928 INFO RPC interface 'supervisor' initialized
2025-11-05 01:53:48,928 CRIT Server 'unix_http_server' running without any HTTP authentication checking
2025-11-05 01:53:48,928 INFO supervisord started with pid 1
2025-11-05 01:53:49,931 INFO spawned: 'nginx' with pid 7
2025-11-05 01:53:49,933 INFO spawned: 'php-fpm' with pid 8
2025-11-05 01:53:50,984 INFO success: nginx entered RUNNING state, process has stayed up for > than 1 seconds (startsecs)
2025-11-05 01:53:50,984 INFO success: php-fpm entered RUNNING state, process has stayed up for > than 1 seconds (startsecs)
2025-11-05 01:59:01,289 WARN received SIGQUIT indicating exit request
2025-11-05 01:59:01,296 INFO waiting for nginx, php-fpm to die
2025-11-05 01:59:01,307 INFO stopped: php-fpm (exit status 0)
2025-11-05 01:59:01,388 INFO stopped: nginx (exit status 0)
2025-11-05 01:59:02,516 INFO Included extra file "/etc/supervisor/conf.d/nginx.conf" during parsing
2025-11-05 01:59:02,516 INFO Included extra file "/etc/supervisor/conf.d/php-fpm.conf" during parsing
2025-11-05 01:59:02,530 INFO RPC interface 'supervisor' initialized
2025-11-05 01:59:02,530 CRIT Server 'unix_http_server' running without any HTTP authentication checking
2025-11-05 01:59:02,530 INFO supervisord started with pid 1
2025-11-05 01:59:03,533 INFO spawned: 'nginx' with pid 7
2025-11-05 01:59:03,535 INFO spawned: 'php-fpm' with pid 8
2025-11-05 01:59:04,614 INFO success: nginx entered RUNNING state, process has stayed up for > than 1 seconds (startsecs)
2025-11-05 01:59:04,614 INFO success: php-fpm entered RUNNING state, process has stayed up for > than 1 seconds (startsecs)
2025-11-05 02:26:47,502 WARN received SIGQUIT indicating exit request
2025-11-05 02:26:47,516 INFO waiting for nginx, php-fpm to die
2025-11-05 02:26:47,538 INFO stopped: php-fpm (exit status 0)
2025-11-05 02:26:47,616 INFO stopped: nginx (exit status 0)
2025-11-05 02:26:48,970 INFO Included extra file "/etc/supervisor/conf.d/nginx.conf" during parsing
2025-11-05 02:26:48,970 INFO Included extra file "/etc/supervisor/conf.d/php-fpm.conf" during parsing
2025-11-05 02:26:48,985 INFO RPC interface 'supervisor' initialized
2025-11-05 02:26:48,985 CRIT Server 'unix_http_server' running without any HTTP authentication checking
2025-11-05 02:26:48,985 INFO supervisord started with pid 1
2025-11-05 02:26:49,988 INFO spawned: 'nginx' with pid 7
2025-11-05 02:26:49,990 INFO spawned: 'php-fpm' with pid 8
2025-11-05 02:26:51,084 INFO success: nginx entered RUNNING state, process has stayed up for > than 1 seconds (startsecs)
2025-11-05 02:26:51,084 INFO success: php-fpm entered RUNNING state, process has stayed up for > than 1 seconds (startsecs)
2025-11-05 02:27:48,141 WARN received SIGQUIT indicating exit request
2025-11-05 02:27:48,141 INFO waiting for nginx, php-fpm to die
2025-11-05 02:27:48,151 INFO stopped: php-fpm (exit status 0)
2025-11-05 02:27:48,235 INFO stopped: nginx (exit status 0)
2025-11-05 02:27:49,184 INFO Included extra file "/etc/supervisor/conf.d/nginx.conf" during parsing
2025-11-05 02:27:49,184 INFO Included extra file "/etc/supervisor/conf.d/php-fpm.conf" during parsing
2025-11-05 02:27:49,194 INFO RPC interface 'supervisor' initialized
2025-11-05 02:27:49,194 CRIT Server 'unix_http_server' running without any HTTP authentication checking
2025-11-05 02:27:49,195 INFO supervisord started with pid 1
2025-11-05 02:27:50,197 INFO spawned: 'nginx' with pid 7
2025-11-05 02:27:50,199 INFO spawned: 'php-fpm' with pid 8
2025-11-05 02:27:51,249 INFO success: nginx entered RUNNING state, process has stayed up for > than 1 seconds (startsecs)
2025-11-05 02:27:51,249 INFO success: php-fpm entered RUNNING state, process has stayed up for > than 1 seconds (startsecs)
2025-11-05 02:33:02,557 WARN received SIGQUIT indicating exit request
2025-11-05 02:33:02,557 INFO waiting for nginx, php-fpm to die
2025-11-05 02:33:02,565 INFO stopped: php-fpm (exit status 0)
2025-11-05 02:33:02,636 INFO stopped: nginx (exit status 0)
2025-11-05 02:33:03,512 INFO Included extra file "/etc/supervisor/conf.d/nginx.conf" during parsing
2025-11-05 02:33:03,512 INFO Included extra file "/etc/supervisor/conf.d/php-fpm.conf" during parsing
2025-11-05 02:33:03,522 INFO RPC interface 'supervisor' initialized
2025-11-05 02:33:03,522 CRIT Server 'unix_http_server' running without any HTTP authentication checking
2025-11-05 02:33:03,522 INFO supervisord started with pid 1
2025-11-05 02:33:04,525 INFO spawned: 'nginx' with pid 7
2025-11-05 02:33:04,528 INFO spawned: 'php-fpm' with pid 8
2025-11-05 02:33:05,584 INFO success: nginx entered RUNNING state, process has stayed up for > than 1 seconds (startsecs)
2025-11-05 02:33:05,584 INFO success: php-fpm entered RUNNING state, process has stayed up for > than 1 seconds (startsecs)
2025-11-05 02:41:07,123 WARN received SIGQUIT indicating exit request
2025-11-05 02:41:07,123 INFO waiting for nginx, php-fpm to die
2025-11-05 02:41:07,138 INFO stopped: php-fpm (exit status 0)
2025-11-05 02:41:07,224 INFO stopped: nginx (exit status 0)
2025-11-05 08:33:20,119 INFO Included extra file "/etc/supervisor/conf.d/nginx.conf" during parsing
2025-11-05 08:33:20,120 INFO Included extra file "/etc/supervisor/conf.d/php-fpm.conf" during parsing
2025-11-05 08:33:20,135 INFO RPC interface 'supervisor' initialized
2025-11-05 08:33:20,135 CRIT Server 'unix_http_server' running without any HTTP authentication checking
2025-11-05 08:33:20,136 INFO supervisord started with pid 1
2025-11-05 08:33:21,139 INFO spawned: 'nginx' with pid 7
2025-11-05 08:33:21,141 INFO spawned: 'php-fpm' with pid 8
2025-11-05 08:33:22,369 INFO success: nginx entered RUNNING state, process has stayed up for > than 1 seconds (startsecs)
2025-11-05 08:33:22,369 INFO success: php-fpm entered RUNNING state, process has stayed up for > than 1 seconds (startsecs)
2025-11-05 12:27:08,632 WARN received SIGQUIT indicating exit request
2025-11-05 12:27:08,633 INFO waiting for nginx, php-fpm to die
2025-11-05 12:27:08,664 INFO stopped: php-fpm (exit status 0)
2025-11-05 12:27:08,757 INFO stopped: nginx (exit status 0)
2025-11-05 12:29:27,303 INFO Included extra file "/etc/supervisor/conf.d/nginx.conf" during parsing
2025-11-05 12:29:27,303 INFO Included extra file "/etc/supervisor/conf.d/php-fpm.conf" during parsing
2025-11-05 12:29:27,313 INFO RPC interface 'supervisor' initialized
2025-11-05 12:29:27,313 CRIT Server 'unix_http_server' running without any HTTP authentication checking
2025-11-05 12:29:27,313 INFO supervisord started with pid 1
2025-11-05 12:29:28,317 INFO spawned: 'nginx' with pid 7
2025-11-05 12:29:28,322 INFO spawned: 'php-fpm' with pid 8
2025-11-05 12:29:29,427 INFO success: nginx entered RUNNING state, process has stayed up for > than 1 seconds (startsecs)
2025-11-05 12:29:29,427 INFO success: php-fpm entered RUNNING state, process has stayed up for > than 1 seconds (startsecs)
2025-11-05 12:33:33,040 WARN received SIGQUIT indicating exit request
2025-11-05 12:33:33,040 INFO waiting for nginx, php-fpm to die
2025-11-05 12:33:33,051 INFO stopped: php-fpm (exit status 0)
2025-11-05 12:33:33,125 INFO stopped: nginx (exit status 0)
2025-11-05 12:35:58,334 INFO Included extra file "/etc/supervisor/conf.d/nginx.conf" during parsing
2025-11-05 12:35:58,334 INFO Included extra file "/etc/supervisor/conf.d/php-fpm.conf" during parsing
2025-11-05 12:35:58,343 INFO RPC interface 'supervisor' initialized
2025-11-05 12:35:58,343 CRIT Server 'unix_http_server' running without any HTTP authentication checking
2025-11-05 12:35:58,343 INFO supervisord started with pid 1
2025-11-05 12:35:59,346 INFO spawned: 'nginx' with pid 7
2025-11-05 12:35:59,348 INFO spawned: 'php-fpm' with pid 8
2025-11-05 12:36:00,400 INFO success: nginx entered RUNNING state, process has stayed up for > than 1 seconds (startsecs)
2025-11-05 12:36:00,401 INFO success: php-fpm entered RUNNING state, process has stayed up for > than 1 seconds (startsecs)
2025-11-06 02:47:51,316 WARN received SIGQUIT indicating exit request
2025-11-06 02:47:51,316 INFO waiting for nginx, php-fpm to die
2025-11-06 02:47:51,345 INFO stopped: php-fpm (exit status 0)
2025-11-06 02:47:51,424 INFO stopped: nginx (exit status 0)
2025-11-06 08:49:17,556 INFO Included extra file "/etc/supervisor/conf.d/nginx.conf" during parsing
2025-11-06 08:49:17,557 INFO Included extra file "/etc/supervisor/conf.d/php-fpm.conf" during parsing
2025-11-06 08:49:17,571 INFO RPC interface 'supervisor' initialized
2025-11-06 08:49:17,571 CRIT Server 'unix_http_server' running without any HTTP authentication checking
2025-11-06 08:49:17,572 INFO supervisord started with pid 1
2025-11-06 08:49:18,578 INFO spawned: 'nginx' with pid 7
2025-11-06 08:49:18,580 INFO spawned: 'php-fpm' with pid 8
2025-11-06 08:49:19,806 INFO success: nginx entered RUNNING state, process has stayed up for > than 1 seconds (startsecs)
2025-11-06 08:49:19,806 INFO success: php-fpm entered RUNNING state, process has stayed up for > than 1 seconds (startsecs)
